<?xml version="1.0" encoding="UTF-8"?>
<testsuite name="management.membermanagent.service.MemberServiceIntegrationTest" tests="2" skipped="0" failures="0" errors="0" timestamp="2024-05-10T18:50:17" hostname="DESKTOP-53ANN9E" time="0.579">
  <properties/>
  <testcase name="중복_회워_예외()" classname="management.membermanagent.service.MemberServiceIntegrationTest" time="0.564"/>
  <testcase name="회원가입()" classname="management.membermanagent.service.MemberServiceIntegrationTest" time="0.013"/>
  <system-out><![CDATA[03:50:13.699 [Test worker] INFO org.springframework.test.context.support.AnnotationConfigContextLoaderUtils -- Could not detect default configuration classes for test class [management.membermanagent.service.MemberServiceIntegrationTest]: MemberServiceIntegrationTest does not declare any static, non-private, non-final, nested classes annotated with @Configuration.
03:50:13.780 [Test worker] INFO org.springframework.boot.test.context.SpringBootTestContextBootstrapper -- Found @SpringBootConfiguration management.membermanagent.MemberManagentApplication for test class management.membermanagent.service.MemberServiceIntegrationTest

  .   ____          _            __ _ _
 /\\ / ___'_ __ _ _(_)_ __  __ _ \ \ \ \
( ( )\___ | '_ | '_| | '_ \/ _` | \ \ \ \
 \\/  ___)| |_)| | | | | || (_| |  ) ) ) )
  '  |____| .__|_| |_|_| |_\__, | / / / /
 =========|_|==============|___/=/_/_/_/
 :: Spring Boot ::                (v3.2.5)

2024-05-11T03:50:14.063+09:00  INFO 1540 --- [    Test worker] m.m.s.MemberServiceIntegrationTest       : Starting MemberServiceIntegrationTest using Java 17.0.10 with PID 1540 (started by young in C:\seoyoung\스프링 공부\스프링 입문 강의\프로젝트 관리\member-managent)
2024-05-11T03:50:14.064+09:00  INFO 1540 --- [    Test worker] m.m.s.MemberServiceIntegrationTest       : No active profile set, falling back to 1 default profile: "default"
2024-05-11T03:50:14.533+09:00  INFO 1540 --- [    Test worker] .s.d.r.c.RepositoryConfigurationDelegate : Bootstrapping Spring Data JPA repositories in DEFAULT mode.
2024-05-11T03:50:14.582+09:00  INFO 1540 --- [    Test worker] .s.d.r.c.RepositoryConfigurationDelegate : Finished Spring Data repository scanning in 41 ms. Found 1 JPA repository interface.
2024-05-11T03:50:15.041+09:00  INFO 1540 --- [    Test worker] o.hibernate.jpa.internal.util.LogHelper  : HHH000204: Processing PersistenceUnitInfo [name: default]
2024-05-11T03:50:15.107+09:00  INFO 1540 --- [    Test worker] org.hibernate.Version                    : HHH000412: Hibernate ORM core version 6.4.4.Final
2024-05-11T03:50:15.142+09:00  INFO 1540 --- [    Test worker] o.h.c.internal.RegionFactoryInitiator    : HHH000026: Second-level cache disabled
2024-05-11T03:50:15.352+09:00  INFO 1540 --- [    Test worker] o.s.o.j.p.SpringPersistenceUnitInfo      : No LoadTimeWeaver setup: ignoring JPA class transformer
2024-05-11T03:50:15.380+09:00  INFO 1540 --- [    Test worker] com.zaxxer.hikari.HikariDataSource       : HikariPool-1 - Starting...
2024-05-11T03:50:15.442+09:00  INFO 1540 --- [    Test worker] com.zaxxer.hikari.pool.HikariPool        : HikariPool-1 - Added connection conn0: url=jdbc:h2:tcp://localhost/~/test user=SA
2024-05-11T03:50:15.445+09:00  INFO 1540 --- [    Test worker] com.zaxxer.hikari.HikariDataSource       : HikariPool-1 - Start completed.
2024-05-11T03:50:16.069+09:00  INFO 1540 --- [    Test worker] o.h.e.t.j.p.i.JtaPlatformInitiator       : HHH000489: No JTA platform available (set 'hibernate.transaction.jta.platform' to enable JTA platform integration)
2024-05-11T03:50:16.072+09:00  INFO 1540 --- [    Test worker] j.LocalContainerEntityManagerFactoryBean : Initialized JPA EntityManagerFactory for persistence unit 'default'
STARTL execution(MemberService management.membermanagent.SpringConfig.memberService())
End: execution(MemberService management.membermanagent.SpringConfig.memberService()) 2ms
2024-05-11T03:50:16.629+09:00  WARN 1540 --- [    Test worker] JpaBaseConfiguration$JpaWebConfiguration : spring.jpa.open-in-view is enabled by default. Therefore, database queries may be performed during view rendering. Explicitly configure spring.jpa.open-in-view to disable this warning
2024-05-11T03:50:17.166+09:00  INFO 1540 --- [    Test worker] m.m.s.MemberServiceIntegrationTest       : Started MemberServiceIntegrationTest in 3.258 seconds (process running for 4.121)
STARTL execution(Long management.membermanagent.service.MemberService.join(Member))
STARTL execution(Optional management.membermanagent.repository.SpringDataJpaMemberRepository.findByName(String))
Hibernate: select m1_0.id,m1_0.name from member m1_0 where m1_0.name=?
End: execution(Optional management.membermanagent.repository.SpringDataJpaMemberRepository.findByName(String)) 85ms
STARTL execution(Member management.membermanagent.repository.MemberRepository.save(Member))
Hibernate: insert into member (name,id) values (?,default)
End: execution(Member management.membermanagent.repository.MemberRepository.save(Member)) 21ms
join = 107ms
End: execution(Long management.membermanagent.service.MemberService.join(Member)) 108ms
STARTL execution(Long management.membermanagent.service.MemberService.join(Member))
STARTL execution(Optional management.membermanagent.repository.SpringDataJpaMemberRepository.findByName(String))
Hibernate: select m1_0.id,m1_0.name from member m1_0 where m1_0.name=?
End: execution(Optional management.membermanagent.repository.SpringDataJpaMemberRepository.findByName(String)) 4ms
join = 5ms
End: execution(Long management.membermanagent.service.MemberService.join(Member)) 5ms
STARTL execution(Long management.membermanagent.service.MemberService.join(Member))
STARTL execution(Optional management.membermanagent.repository.SpringDataJpaMemberRepository.findByName(String))
Hibernate: select m1_0.id,m1_0.name from member m1_0 where m1_0.name=?
End: execution(Optional management.membermanagent.repository.SpringDataJpaMemberRepository.findByName(String)) 1ms
STARTL execution(Member management.membermanagent.repository.MemberRepository.save(Member))
Hibernate: insert into member (name,id) values (?,default)
End: execution(Member management.membermanagent.repository.MemberRepository.save(Member)) 1ms
join = 2ms
End: execution(Long management.membermanagent.service.MemberService.join(Member)) 2ms
STARTL execution(Optional management.membermanagent.service.MemberService.findOne(Long))
STARTL execution(Optional management.membermanagent.repository.MemberRepository.findById(Long))
Hibernate: select m1_0.id,m1_0.name from member m1_0 where m1_0.id=?
End: execution(Optional management.membermanagent.repository.MemberRepository.findById(Long)) 7ms
End: execution(Optional management.membermanagent.service.MemberService.findOne(Long)) 7ms
]]></system-out>
  <system-err><![CDATA[]]></system-err>
</testsuite>
